Watching for file changes with StatReloader
C:\Users\DELL\Documents\mesProjets\CommuniConnect\backend\users\admin.py changed, reloading.
Watching for file changes with StatReloader
Watching for file changes with StatReloader
Forbidden: /
"GET / HTTP/1.1" 403 158
Forbidden: /favicon.ico
"GET /favicon.ico HTTP/1.1" 403 158
C:\Users\DELL\Documents\mesProjets\CommuniConnect\backend\communiconnect\settings.py changed, reloading.
Watching for file changes with StatReloader
Watching for file changes with StatReloader
Not Found: /
"GET / HTTP/1.1" 404 2424
Not Found: /favicon.ico
"GET /favicon.ico HTTP/1.1" 404 2475
"GET /admin/ HTTP/1.1" 302 0
"GET /admin/login/?next=/admin/ HTTP/1.1" 200 4256
"GET /static/admin/css/login.css HTTP/1.1" 200 958
"GET /static/admin/js/theme.js HTTP/1.1" 200 1943
"GET /static/admin/css/base.css HTTP/1.1" 200 21207
"GET /static/admin/css/nav_sidebar.css HTTP/1.1" 200 2694
"GET /static/admin/css/dark_mode.css HTTP/1.1" 200 2929
"GET /static/admin/css/responsive.css HTTP/1.1" 200 18533
"GET /static/admin/js/nav_sidebar.js HTTP/1.1" 200 3063
"POST /admin/login/?next=/admin/ HTTP/1.1" 200 4492
"POST /admin/login/?next=/admin/ HTTP/1.1" 200 4492
"POST /admin/login/?next=/admin/ HTTP/1.1" 302 0
"GET /admin/ HTTP/1.1" 200 8895
"GET /static/admin/css/dashboard.css HTTP/1.1" 200 441
"GET /static/admin/img/icon-addlink.svg HTTP/1.1" 200 331
"GET /static/admin/img/icon-changelink.svg HTTP/1.1" 200 380
"GET /api/users/geographic-data/ HTTP/1.1" 200 363145
"GET /static/rest_framework/css/bootstrap.min.css HTTP/1.1" 200 121457
"GET /static/rest_framework/css/bootstrap-tweaks.css HTTP/1.1" 200 3385
"GET /static/rest_framework/css/prettify.css HTTP/1.1" 200 817
"GET /static/rest_framework/css/default.css HTTP/1.1" 200 1152
"GET /static/rest_framework/js/prettify-min.js HTTP/1.1" 200 13632
"GET /static/rest_framework/js/default.js HTTP/1.1" 200 1268
"GET /static/rest_framework/js/csrf.js HTTP/1.1" 200 1719
"GET /static/rest_framework/js/ajax-form.js HTTP/1.1" 200 3597
"GET /static/rest_framework/js/bootstrap.min.js HTTP/1.1" 200 39680
"GET /static/rest_framework/js/jquery-3.5.1.min.js HTTP/1.1" 200 89476
"GET /static/rest_framework/img/grid.png HTTP/1.1" 200 1458
"GET /api/users/geographic-data/ HTTP/1.1" 200 80874
"GET /api/users/geographic-data/ HTTP/1.1" 200 80874
"OPTIONS /api/users/register/ HTTP/1.1" 200 0
Bad Request: /api/users/register/
"POST /api/users/register/ HTTP/1.1" 400 61
Bad Request: /api/users/register/
"POST /api/users/register/ HTTP/1.1" 400 61
Bad Request: /api/users/register/
"POST /api/users/register/ HTTP/1.1" 400 61
Bad Request: /api/users/register/
"POST /api/users/register/ HTTP/1.1" 400 61
"GET /api/users/geographic-data/ HTTP/1.1" 200 80874
"GET /api/users/geographic-data/ HTTP/1.1" 200 80874
Bad Request: /api/users/register/
"POST /api/users/register/ HTTP/1.1" 400 61
"GET /api/users/geographic-data/ HTTP/1.1" 200 80874
"GET /api/users/geographic-data/ HTTP/1.1" 200 80874
Internal Server Error: /api/users/register/
Traceback (most recent call last):
  File "C:\Users\DELL\AppData\Roaming\Python\Python311\site-packages\django\db\backends\utils.py", line 89, in _execute
    return self.cursor.execute(sql, params)
           ^^^^^^^^^^^^^^^^^^^^^^^^^^^^^^^^
  File "C:\Users\DELL\AppData\Roaming\Python\Python311\site-packages\django\db\backends\sqlite3\base.py", line 328, in execute
    return super().execute(query, params)
           ^^^^^^^^^^^^^^^^^^^^^^^^^^^^^^
sqlite3.OperationalError: database is locked

The above exception was the direct cause of the following exception:

Traceback (most recent call last):
  File "C:\Users\DELL\AppData\Roaming\Python\Python311\site-packages\django\core\handlers\exception.py", line 55, in inner
    response = get_response(request)
               ^^^^^^^^^^^^^^^^^^^^^
  File "C:\Users\DELL\AppData\Roaming\Python\Python311\site-packages\django\core\handlers\base.py", line 197, in _get_response
    response = wrapped_callback(request, *callback_args, **callback_kwargs)
               ^^^^^^^^^^^^^^^^^^^^^^^^^^^^^^^^^^^^^^^^^^^^^^^^^^^^^^^^^^^^
  File "C:\Users\DELL\AppData\Roaming\Python\Python311\site-packages\django\views\decorators\csrf.py", line 56, in wrapper_view
    return view_func(*args, **kwargs)
           ^^^^^^^^^^^^^^^^^^^^^^^^^^
  File "C:\Users\DELL\AppData\Roaming\Python\Python311\site-packages\django\views\generic\base.py", line 104, in view
    return self.dispatch(request, *args, **kwargs)
           ^^^^^^^^^^^^^^^^^^^^^^^^^^^^^^^^^^^^^^^
  File "C:\Users\DELL\AppData\Roaming\Python\Python311\site-packages\rest_framework\views.py", line 509, in dispatch
    response = self.handle_exception(exc)
               ^^^^^^^^^^^^^^^^^^^^^^^^^^
  File "C:\Users\DELL\AppData\Roaming\Python\Python311\site-packages\rest_framework\views.py", line 469, in handle_exception
    self.raise_uncaught_exception(exc)
  File "C:\Users\DELL\AppData\Roaming\Python\Python311\site-packages\rest_framework\views.py", line 480, in raise_uncaught_exception
    raise exc
  File "C:\Users\DELL\AppData\Roaming\Python\Python311\site-packages\rest_framework\views.py", line 506, in dispatch
    response = handler(request, *args, **kwargs)
               ^^^^^^^^^^^^^^^^^^^^^^^^^^^^^^^^^
  File "C:\Users\DELL\AppData\Roaming\Python\Python311\site-packages\rest_framework\generics.py", line 190, in post
    return self.create(request, *args, **kwargs)
           ^^^^^^^^^^^^^^^^^^^^^^^^^^^^^^^^^^^^^
  File "C:\Program Files\Python311\Lib\contextlib.py", line 81, in inner
    return func(*args, **kwds)
           ^^^^^^^^^^^^^^^^^^^
  File "C:\Users\DELL\Documents\mesProjets\CommuniConnect\backend\users\views.py", line 48, in create
    user = serializer.save()
           ^^^^^^^^^^^^^^^^^
  File "C:\Users\DELL\AppData\Roaming\Python\Python311\site-packages\rest_framework\serializers.py", line 212, in save
    self.instance = self.create(validated_data)
                    ^^^^^^^^^^^^^^^^^^^^^^^^^^^
  File "C:\Users\DELL\Documents\mesProjets\CommuniConnect\backend\users\serializers.py", line 78, in create
    user = User.objects.create_user(**validated_data)
           ^^^^^^^^^^^^^^^^^^^^^^^^^^^^^^^^^^^^^^^^^^
  File "C:\Users\DELL\AppData\Roaming\Python\Python311\site-packages\django\contrib\auth\models.py", line 161, in create_user
    return self._create_user(username, email, password, **extra_fields)
           ^^^^^^^^^^^^^^^^^^^^^^^^^^^^^^^^^^^^^^^^^^^^^^^^^^^^^^^^^^^^
  File "C:\Users\DELL\AppData\Roaming\Python\Python311\site-packages\django\contrib\auth\models.py", line 155, in _create_user
    user.save(using=self._db)
  File "C:\Users\DELL\AppData\Roaming\Python\Python311\site-packages\django\contrib\auth\base_user.py", line 76, in save
    super().save(*args, **kwargs)
  File "C:\Users\DELL\AppData\Roaming\Python\Python311\site-packages\django\db\models\base.py", line 814, in save
    self.save_base(
  File "C:\Users\DELL\AppData\Roaming\Python\Python311\site-packages\django\db\models\base.py", line 877, in save_base
    updated = self._save_table(
              ^^^^^^^^^^^^^^^^^
  File "C:\Users\DELL\AppData\Roaming\Python\Python311\site-packages\django\db\models\base.py", line 1020, in _save_table
    results = self._do_insert(
              ^^^^^^^^^^^^^^^^
  File "C:\Users\DELL\AppData\Roaming\Python\Python311\site-packages\django\db\models\base.py", line 1061, in _do_insert
    return manager._insert(
           ^^^^^^^^^^^^^^^^
  File "C:\Users\DELL\AppData\Roaming\Python\Python311\site-packages\django\db\models\manager.py", line 87, in manager_method
    return getattr(self.get_queryset(), name)(*args, **kwargs)
           ^^^^^^^^^^^^^^^^^^^^^^^^^^^^^^^^^^^^^^^^^^^^^^^^^^^
  File "C:\Users\DELL\AppData\Roaming\Python\Python311\site-packages\django\db\models\query.py", line 1805, in _insert
    return query.get_compiler(using=using).execute_sql(returning_fields)
           ^^^^^^^^^^^^^^^^^^^^^^^^^^^^^^^^^^^^^^^^^^^^^^^^^^^^^^^^^^^^^
  File "C:\Users\DELL\AppData\Roaming\Python\Python311\site-packages\django\db\models\sql\compiler.py", line 1822, in execute_sql
    cursor.execute(sql, params)
  File "C:\Users\DELL\AppData\Roaming\Python\Python311\site-packages\django\db\backends\utils.py", line 102, in execute
    return super().execute(sql, params)
           ^^^^^^^^^^^^^^^^^^^^^^^^^^^^
  File "C:\Users\DELL\AppData\Roaming\Python\Python311\site-packages\django\db\backends\utils.py", line 67, in execute
    return self._execute_with_wrappers(
           ^^^^^^^^^^^^^^^^^^^^^^^^^^^^
  File "C:\Users\DELL\AppData\Roaming\Python\Python311\site-packages\django\db\backends\utils.py", line 80, in _execute_with_wrappers
    return executor(sql, params, many, context)
           ^^^^^^^^^^^^^^^^^^^^^^^^^^^^^^^^^^^^
  File "C:\Users\DELL\AppData\Roaming\Python\Python311\site-packages\django\db\backends\utils.py", line 84, in _execute
    with self.db.wrap_database_errors:
  File "C:\Users\DELL\AppData\Roaming\Python\Python311\site-packages\django\db\utils.py", line 91, in __exit__
    raise dj_exc_value.with_traceback(traceback) from exc_value
  File "C:\Users\DELL\AppData\Roaming\Python\Python311\site-packages\django\db\backends\utils.py", line 89, in _execute
    return self.cursor.execute(sql, params)
           ^^^^^^^^^^^^^^^^^^^^^^^^^^^^^^^^
  File "C:\Users\DELL\AppData\Roaming\Python\Python311\site-packages\django\db\backends\sqlite3\base.py", line 328, in execute
    return super().execute(query, params)
           ^^^^^^^^^^^^^^^^^^^^^^^^^^^^^^
django.db.utils.OperationalError: database is locked
"POST /api/users/register/ HTTP/1.1" 500 228375
"POST /api/users/register/ HTTP/1.1" 201 1063
"OPTIONS /api/users/geographic-data/ HTTP/1.1" 200 0
"OPTIONS /api/users/geographic-data/ HTTP/1.1" 200 0
"GET /api/users/geographic-data/ HTTP/1.1" 200 80874
"GET /api/users/geographic-data/ HTTP/1.1" 200 80874
Bad Request: /api/users/register/
"POST /api/users/register/ HTTP/1.1" 400 126
Bad Request: /api/users/register/
"POST /api/users/register/ HTTP/1.1" 400 126
"OPTIONS /api/users/login/ HTTP/1.1" 200 0
Unauthorized: /api/users/login/
"POST /api/users/login/ HTTP/1.1" 401 43
C:\Users\DELL\Documents\mesProjets\CommuniConnect\backend\users\views.py changed, reloading.
Watching for file changes with StatReloader
"POST /api/users/login/ HTTP/1.1" 200 1086
"GET /api/users/geographic-data/ HTTP/1.1" 200 80874
"GET /api/users/geographic-data/ HTTP/1.1" 200 80874
"GET /api/users/geographic-data/ HTTP/1.1" 200 80874
"GET /api/users/geographic-data/ HTTP/1.1" 200 80874
"POST /api/users/login/ HTTP/1.1" 200 1086
C:\Users\DELL\Documents\mesProjets\CommuniConnect\backend\communiconnect\settings.py changed, reloading.
Watching for file changes with StatReloader
Watching for file changes with StatReloader
"POST /api/users/login/ HTTP/1.1" 200 1086
"OPTIONS /api/posts/ HTTP/1.1" 200 0
"POST /api/posts/ HTTP/1.1" 201 196
"GET /api/posts/ HTTP/1.1" 200 1240
"GET /api/posts/ HTTP/1.1" 200 1240
"POST /api/posts/ HTTP/1.1" 201 155
"GET /api/posts HTTP/1.1" 301 0
Unauthorized: /api/posts/
"GET /api/posts/ HTTP/1.1" 401 5089
C:\Users\DELL\Documents\mesProjets\CommuniConnect\backend\users\views.py changed, reloading.
Watching for file changes with StatReloader
C:\Users\DELL\Documents\mesProjets\CommuniConnect\backend\users\views.py changed, reloading.
Watching for file changes with StatReloader
Watching for file changes with StatReloader
Not Found: /
"GET / HTTP/1.1" 404 2424
Not Found: /favicon.ico
"GET /favicon.ico HTTP/1.1" 404 2475
Not Found: /
"GET / HTTP/1.1" 404 2424
Not Found: /
"GET / HTTP/1.1" 404 2424
"GET /admin/ HTTP/1.1" 200 8895
"GET /admin/geography/quartier/ HTTP/1.1" 200 58491
"GET /admin/jsi18n/ HTTP/1.1" 200 8621
"GET /static/admin/js/jquery.init.js HTTP/1.1" 200 347
"GET /static/admin/js/core.js HTTP/1.1" 200 5682
"GET /static/admin/js/admin/RelatedObjectLookups.js HTTP/1.1" 200 8943
"GET /static/admin/css/changelists.css HTTP/1.1" 200 6566
"GET /static/admin/js/actions.js HTTP/1.1" 200 7872
"GET /static/admin/js/vendor/jquery/jquery.js HTTP/1.1" 200 292458
"GET /static/admin/js/urlify.js HTTP/1.1" 200 7887
"GET /static/admin/js/prepopulate.js HTTP/1.1" 200 1531
"GET /static/admin/js/vendor/xregexp/xregexp.js HTTP/1.1" 200 232381
"GET /static/admin/img/search.svg HTTP/1.1" 200 458
"GET /static/admin/img/tooltag-add.svg HTTP/1.1" 200 331
"GET /static/admin/img/sorting-icons.svg HTTP/1.1" 200 1097
"GET /static/admin/js/filters.js HTTP/1.1" 200 978
"GET /admin/ HTTP/1.1" 200 8895
"GET /api/posts/ HTTP/1.1" 200 2438
"OPTIONS /api/posts/2/like/ HTTP/1.1" 200 0
"POST /api/posts/2/like/ HTTP/1.1" 201 610
"GET /api/posts/ HTTP/1.1" 200 3047
"OPTIONS /api/posts/2/comments/ HTTP/1.1" 200 0
Internal Server Error: /api/posts/2/comments/
Traceback (most recent call last):
  File "C:\Users\DELL\AppData\Roaming\Python\Python311\site-packages\django\db\backends\utils.py", line 89, in _execute
    return self.cursor.execute(sql, params)
           ^^^^^^^^^^^^^^^^^^^^^^^^^^^^^^^^
  File "C:\Users\DELL\AppData\Roaming\Python\Python311\site-packages\django\db\backends\sqlite3\base.py", line 328, in execute
    return super().execute(query, params)
           ^^^^^^^^^^^^^^^^^^^^^^^^^^^^^^
sqlite3.IntegrityError: NOT NULL constraint failed: posts_postcomment.post_id

The above exception was the direct cause of the following exception:

Traceback (most recent call last):
  File "C:\Users\DELL\AppData\Roaming\Python\Python311\site-packages\django\core\handlers\exception.py", line 55, in inner
    response = get_response(request)
               ^^^^^^^^^^^^^^^^^^^^^
  File "C:\Users\DELL\AppData\Roaming\Python\Python311\site-packages\django\core\handlers\base.py", line 197, in _get_response
    response = wrapped_callback(request, *callback_args, **callback_kwargs)
               ^^^^^^^^^^^^^^^^^^^^^^^^^^^^^^^^^^^^^^^^^^^^^^^^^^^^^^^^^^^^
  File "C:\Users\DELL\AppData\Roaming\Python\Python311\site-packages\django\views\decorators\csrf.py", line 56, in wrapper_view
    return view_func(*args, **kwargs)
           ^^^^^^^^^^^^^^^^^^^^^^^^^^
  File "C:\Users\DELL\AppData\Roaming\Python\Python311\site-packages\django\views\generic\base.py", line 104, in view
    return self.dispatch(request, *args, **kwargs)
           ^^^^^^^^^^^^^^^^^^^^^^^^^^^^^^^^^^^^^^^
  File "C:\Users\DELL\AppData\Roaming\Python\Python311\site-packages\rest_framework\views.py", line 509, in dispatch
    response = self.handle_exception(exc)
               ^^^^^^^^^^^^^^^^^^^^^^^^^^
  File "C:\Users\DELL\AppData\Roaming\Python\Python311\site-packages\rest_framework\views.py", line 469, in handle_exception
    self.raise_uncaught_exception(exc)
  File "C:\Users\DELL\AppData\Roaming\Python\Python311\site-packages\rest_framework\views.py", line 480, in raise_uncaught_exception
    raise exc
  File "C:\Users\DELL\AppData\Roaming\Python\Python311\site-packages\rest_framework\views.py", line 506, in dispatch
    response = handler(request, *args, **kwargs)
               ^^^^^^^^^^^^^^^^^^^^^^^^^^^^^^^^^
  File "C:\Users\DELL\AppData\Roaming\Python\Python311\site-packages\rest_framework\generics.py", line 242, in post
    return self.create(request, *args, **kwargs)
           ^^^^^^^^^^^^^^^^^^^^^^^^^^^^^^^^^^^^^
  File "C:\Users\DELL\AppData\Roaming\Python\Python311\site-packages\rest_framework\mixins.py", line 19, in create
    self.perform_create(serializer)
  File "C:\Users\DELL\Documents\mesProjets\CommuniConnect\backend\posts\views.py", line 131, in perform_create
    serializer.save(post=post)
  File "C:\Users\DELL\AppData\Roaming\Python\Python311\site-packages\rest_framework\serializers.py", line 212, in save
    self.instance = self.create(validated_data)
                    ^^^^^^^^^^^^^^^^^^^^^^^^^^^
  File "C:\Users\DELL\Documents\mesProjets\CommuniConnect\backend\posts\serializers.py", line 74, in create
    return super().create(validated_data)
          ^^^^^^^^^^^^^^^^^^^^^^^^^^^^^^
  File "C:\Users\DELL\AppData\Roaming\Python\Python311\site-packages\rest_framework\serializers.py", line 962, in create
    instance = ModelClass._default_manager.create(**validated_data)
               ^^^^^^^^^^^^^^^^^^^^^^^^^^^^^^^^^^^^^^^^^^^^^^^^^^^^
  File "C:\Users\DELL\AppData\Roaming\Python\Python311\site-packages\django\db\models\manager.py", line 87, in manager_method
    return getattr(self.get_queryset(), name)(*args, **kwargs)
           ^^^^^^^^^^^^^^^^^^^^^^^^^^^^^^^^^^^^^^^^^^^^^^^^^^^
  File "C:\Users\DELL\AppData\Roaming\Python\Python311\site-packages\django\db\models\query.py", line 658, in create
    obj.save(force_insert=True, using=self.db)
  File "C:\Users\DELL\Documents\mesProjets\CommuniConnect\backend\posts\models.py", line 97, in save
    super().save(*args, **kwargs)
  File "C:\Users\DELL\AppData\Roaming\Python\Python311\site-packages\django\db\models\base.py", line 814, in save
    self.save_base(
  File "C:\Users\DELL\AppData\Roaming\Python\Python311\site-packages\django\db\models\base.py", line 877, in save_base
    updated = self._save_table(
              ^^^^^^^^^^^^^^^^^
  File "C:\Users\DELL\AppData\Roaming\Python\Python311\site-packages\django\db\models\base.py", line 1020, in _save_table
    results = self._do_insert(
              ^^^^^^^^^^^^^^^^
  File "C:\Users\DELL\AppData\Roaming\Python\Python311\site-packages\django\db\models\base.py", line 1061, in _do_insert
    return manager._insert(
           ^^^^^^^^^^^^^^^^
  File "C:\Users\DELL\AppData\Roaming\Python\Python311\site-packages\django\db\models\manager.py", line 87, in manager_method
    return getattr(self.get_queryset(), name)(*args, **kwargs)
           ^^^^^^^^^^^^^^^^^^^^^^^^^^^^^^^^^^^^^^^^^^^^^^^^^^^
  File "C:\Users\DELL\AppData\Roaming\Python\Python311\site-packages\django\db\models\query.py", line 1805, in _insert
    return query.get_compiler(using=using).execute_sql(returning_fields)
           ^^^^^^^^^^^^^^^^^^^^^^^^^^^^^^^^^^^^^^^^^^^^^^^^^^^^^^^^^^^^^
  File "C:\Users\DELL\AppData\Roaming\Python\Python311\site-packages\django\db\models\sql\compiler.py", line 1822, in execute_sql
    cursor.execute(sql, params)
  File "C:\Users\DELL\AppData\Roaming\Python\Python311\site-packages\django\db\backends\utils.py", line 102, in execute
    return super().execute(sql, params)
           ^^^^^^^^^^^^^^^^^^^^^^^^^^^^
  File "C:\Users\DELL\AppData\Roaming\Python\Python311\site-packages\django\db\backends\utils.py", line 67, in execute
    return self._execute_with_wrappers(
           ^^^^^^^^^^^^^^^^^^^^^^^^^^^^
  File "C:\Users\DELL\AppData\Roaming\Python\Python311\site-packages\django\db\backends\utils.py", line 80, in _execute_with_wrappers
    return executor(sql, params, many, context)
           ^^^^^^^^^^^^^^^^^^^^^^^^^^^^^^^^^^^^
  File "C:\Users\DELL\AppData\Roaming\Python\Python311\site-packages\django\db\backends\utils.py", line 84, in _execute
    with self.db.wrap_database_errors:
  File "C:\Users\DELL\AppData\Roaming\Python\Python311\site-packages\django\db\utils.py", line 91, in __exit__
    raise dj_exc_value.with_traceback(traceback) from exc_value
  File "C:\Users\DELL\AppData\Roaming\Python\Python311\site-packages\django\db\backends\utils.py", line 89, in _execute
    return self.cursor.execute(sql, params)
           ^^^^^^^^^^^^^^^^^^^^^^^^^^^^^^^^
  File "C:\Users\DELL\AppData\Roaming\Python\Python311\site-packages\django\db\backends\sqlite3\base.py", line 328, in execute
    return super().execute(query, params)
           ^^^^^^^^^^^^^^^^^^^^^^^^^^^^^^
django.db.utils.IntegrityError: NOT NULL constraint failed: posts_postcomment.post_id
"POST /api/posts/2/comments/ HTTP/1.1" 500 216551
C:\Users\DELL\Documents\mesProjets\CommuniConnect\backend\posts\serializers.py changed, reloading.
Watching for file changes with StatReloader
C:\Users\DELL\Documents\mesProjets\CommuniConnect\backend\posts\views.py changed, reloading.
Watching for file changes with StatReloader
C:\Users\DELL\Documents\mesProjets\CommuniConnect\backend\posts\views.py changed, reloading.
Watching for file changes with StatReloader
"GET /api/users/geographic-data/ HTTP/1.1" 200 80874
"GET /api/users/geographic-data/ HTTP/1.1" 200 80874
"POST /api/users/login/ HTTP/1.1" 200 1086
"GET /api/posts/ HTTP/1.1" 200 3047
"POST /api/posts/2/comments/ HTTP/1.1" 201 46
"GET /api/posts/ HTTP/1.1" 200 3747
C:\Users\DELL\Documents\mesProjets\CommuniConnect\backend\posts\views.py changed, reloading.
Watching for file changes with StatReloader
C:\Users\DELL\Documents\mesProjets\CommuniConnect\backend\posts\urls.py changed, reloading.
Watching for file changes with StatReloader
C:\Users\DELL\Documents\mesProjets\CommuniConnect\backend\posts\urls.py changed, reloading.
Watching for file changes with StatReloader
C:\Users\DELL\Documents\mesProjets\CommuniConnect\backend\posts\views.py changed, reloading.
Watching for file changes with StatReloader
C:\Users\DELL\Documents\mesProjets\CommuniConnect\backend\posts\urls.py changed, reloading.
Watching for file changes with StatReloader
C:\Users\DELL\Documents\mesProjets\CommuniConnect\backend\posts\views.py changed, reloading.
Watching for file changes with StatReloader
"GET /api/posts/ HTTP/1.1" 200 3747
"OPTIONS /api/posts/2/increment-views/ HTTP/1.1" 200 0
"POST /api/posts/2/increment-views/ HTTP/1.1" 200 17
"GET /api/posts/ HTTP/1.1" 200 3747
"OPTIONS /api/posts/1/increment-views/ HTTP/1.1" 200 0
"POST /api/posts/1/increment-views/ HTTP/1.1" 200 17
"GET /api/posts/ HTTP/1.1" 200 3747
"POST /api/posts/1/increment-views/ HTTP/1.1" 200 17
"GET /api/posts/ HTTP/1.1" 200 3747
"POST /api/posts/1/increment-views/ HTTP/1.1" 200 17
"GET /api/posts/ HTTP/1.1" 200 3747
"POST /api/posts/2/increment-views/ HTTP/1.1" 200 17
"GET /api/posts/ HTTP/1.1" 200 3747
"POST /api/posts/2/increment-views/ HTTP/1.1" 200 17
"GET /api/posts/ HTTP/1.1" 200 3747
C:\Users\DELL\Documents\mesProjets\CommuniConnect\backend\posts\models.py changed, reloading.
Watching for file changes with StatReloader
"OPTIONS /api/users/login/ HTTP/1.1" 200 0
Unauthorized: /api/users/login/
"POST /api/users/login/ HTTP/1.1" 401 188
"POST /api/users/login/ HTTP/1.1" 200 1086
"OPTIONS /api/posts/ HTTP/1.1" 200 0
"GET /api/posts/ HTTP/1.1" 200 3799
"OPTIONS /api/posts/2/increment-views/ HTTP/1.1" 200 0
"POST /api/posts/2/increment-views/ HTTP/1.1" 200 17
"GET /api/posts/ HTTP/1.1" 200 3799
"OPTIONS /api/posts/2/comments/ HTTP/1.1" 200 0
"POST /api/posts/2/comments/ HTTP/1.1" 201 39
"GET /api/posts/ HTTP/1.1" 200 4493
"OPTIONS /api/posts/1/increment-views/ HTTP/1.1" 200 0
"POST /api/posts/1/increment-views/ HTTP/1.1" 200 17
"GET /api/posts/ HTTP/1.1" 200 4493
Watching for file changes with StatReloader
"POST /api/posts/ HTTP/1.1" 201 131
"POST /api/posts/ HTTP/1.1" 201 228
"GET /media/post_images/WhatsApp_Image_2025-03-17_%C3%A0_05.05.25_604c0bd9.jpg HTTP/1.1" 200 11146
C:\Users\DELL\Documents\mesProjets\CommuniConnect\backend\posts\models.py changed, reloading.
Watching for file changes with StatReloader
C:\Users\DELL\Documents\mesProjets\CommuniConnect\backend\posts\serializers.py changed, reloading.
Watching for file changes with StatReloader
C:\Users\DELL\Documents\mesProjets\CommuniConnect\backend\posts\views.py changed, reloading.
Watching for file changes with StatReloader
C:\Users\DELL\Documents\mesProjets\CommuniConnect\backend\posts\urls.py changed, reloading.
Watching for file changes with StatReloader
"GET /api/posts/ HTTP/1.1" 200 7106
"GET /api/posts/ HTTP/1.1" 200 7106
Not Found: /default-avatar.png
"GET /default-avatar.png HTTP/1.1" 404 2496
C:\Users\DELL\Documents\mesProjets\CommuniConnect\backend\communiconnect\settings.py changed, reloading.
INFO 2025-07-17 12:11:53,908 views 8772 12408 Contenu analysé pour le média 1
INFO 2025-07-17 12:11:54,619 views 8772 12408 Contenu analysé pour le média 2
INFO 2025-07-17 12:11:55,519 views 8772 12408 Contenu analysé pour le média 3
INFO 2025-07-17 12:11:56,278 views 8772 12408 Contenu analysé pour le média 4
INFO 2025-07-17 12:12:05,740 views 8772 12408 Contenu analysé pour le média 5
INFO 2025-07-17 12:12:06,487 views 8772 12408 Contenu analysé pour le média 6
INFO 2025-07-17 12:12:07,276 views 8772 12408 Contenu analysé pour le média 7
INFO 2025-07-17 12:12:07,984 views 8772 12408 Contenu analysé pour le média 8
INFO 2025-07-17 15:00:21,380 views 22348 18792 Contenu analysé pour le média 9
INFO 2025-07-17 15:00:22,169 views 22348 18792 Contenu analysé pour le média 10
INFO 2025-07-17 15:00:23,158 views 22348 18792 Contenu analysé pour le média 11
INFO 2025-07-17 15:00:24,055 views 22348 18792 Contenu analysé pour le média 12
INFO 2025-07-17 15:00:40,630 views 22348 24228 Contenu analysé pour le média 13
INFO 2025-07-17 15:00:41,479 views 22348 24228 Contenu analysé pour le média 14
INFO 2025-07-17 15:00:43,281 views 22348 24228 Contenu analysé pour le média 15
INFO 2025-07-17 15:00:44,783 views 22348 24228 Contenu analysé pour le média 16
INFO 2025-07-17 15:01:34,700 views 22348 12956 Tentative de création de post par l'utilisateur aob
INFO 2025-07-17 15:01:35,127 views 22348 12956 Post créé avec succès: 5
INFO 2025-07-17 15:36:38,001 views 19352 21912 Contenu analysé pour le média 17
INFO 2025-07-17 15:36:38,318 views 19352 21912 Contenu analysé pour le média 18
INFO 2025-07-17 15:36:38,670 views 19352 21912 Contenu analysé pour le média 19
INFO 2025-07-17 15:36:38,952 views 19352 21912 Contenu analysé pour le média 20
INFO 2025-07-17 21:12:35,840 views 23292 27024 Contenu analysé pour le média 21
INFO 2025-07-17 21:12:36,350 views 23292 27024 Contenu analysé pour le média 22
INFO 2025-07-17 21:12:36,942 views 23292 27024 Contenu analysé pour le média 23
INFO 2025-07-17 21:12:37,490 views 23292 27024 Contenu analysé pour le média 24
INFO 2025-07-17 21:21:52,481 views 23292 7816 Contenu analysé pour le média 25
INFO 2025-07-17 21:51:28,797 serializers 6620 26724 Validation PostCreateSerializer - Contenu: 'Coucou Labé !!', Médias: []
INFO 2025-07-17 21:51:28,829 views 6620 26724 Tentative de création de post par l'utilisateur aob
INFO 2025-07-17 21:51:28,829 serializers 6620 26724 Création post - Médias IDs: []
INFO 2025-07-17 21:51:29,102 serializers 6620 26724 Aucun média à associer
INFO 2025-07-17 21:51:29,110 views 6620 26724 Post créé avec succès: 12
INFO 2025-07-17 21:52:21,030 views 6620 7684 Contenu analysé pour le média 26
INFO 2025-07-17 22:50:08,700 serializers 3904 13948 Validation PostCreateSerializer - Contenu: 'Besoin d'aide d'urgence', Médias: []
INFO 2025-07-17 22:50:08,741 views 3904 13948 Tentative de création de post par l'utilisateur aob
INFO 2025-07-17 22:50:08,741 serializers 3904 13948 Création post - Médias IDs: []
INFO 2025-07-17 22:50:09,054 serializers 3904 13948 Aucun média à associer
INFO 2025-07-17 22:50:09,054 views 3904 13948 Post créé avec succès: 13
INFO 2025-07-18 03:16:39,019 serializers 2804 14280 Validation PostCreateSerializer - Contenu: 'Test post avec média', Médias: [30]
INFO 2025-07-18 03:16:39,036 serializers 2804 14280 Création post - Médias IDs: [30]
INFO 2025-07-18 03:16:39,335 serializers 2804 14280 Médias trouvés: 1
INFO 2025-07-18 03:16:39,336 serializers 2804 14280 Médias IDs recherchés: [30]
INFO 2025-07-18 03:16:39,339 serializers 2804 14280 Médias trouvés: [30]
INFO 2025-07-18 03:16:39,636 serializers 2804 14280 Médias associés au post 14: 1
INFO 2025-07-18 03:16:53,736 serializers 1468 10244 Validation PostCreateSerializer - Contenu: 'Test post avec média', Médias: [32]
INFO 2025-07-18 03:16:53,736 serializers 1468 10244 Création post - Médias IDs: [32]
INFO 2025-07-18 03:16:53,918 serializers 1468 10244 Médias trouvés: 1
INFO 2025-07-18 03:16:53,919 serializers 1468 10244 Médias IDs recherchés: [32]
INFO 2025-07-18 03:16:53,922 serializers 1468 10244 Médias trouvés: [32]
INFO 2025-07-18 03:16:54,086 serializers 1468 10244 Médias associés au post 15: 1
INFO 2025-07-18 03:30:08,921 views 13508 14092 Contenu analysé pour le média 34
INFO 2025-07-18 03:37:08,167 serializers 15136 14912 Validation PostCreateSerializer - Contenu: 'Test post avec contenu seulement', Médias: []
INFO 2025-07-18 03:37:08,178 serializers 15136 14912 Validation PostCreateSerializer - Contenu: 'Test post avec contenu et média', Médias: [35]
INFO 2025-07-18 03:37:08,180 serializers 15136 14912 Validation PostCreateSerializer - Contenu: 'Test post créé via sérialiseur', Médias: [35]
INFO 2025-07-18 03:37:08,180 serializers 15136 14912 Création post - Médias IDs: [35]
INFO 2025-07-18 03:37:08,634 serializers 15136 14912 Médias trouvés: 1
INFO 2025-07-18 03:37:08,634 serializers 15136 14912 Médias IDs recherchés: [35]
INFO 2025-07-18 03:37:08,644 serializers 15136 14912 Médias trouvés: [35]
INFO 2025-07-18 03:37:08,963 serializers 15136 14912 Médias associés au post 16: 1
INFO 2025-07-18 03:37:41,896 serializers 8316 2396 Validation PostCreateSerializer - Contenu: 'Test post avec contenu seulement', Médias: []
INFO 2025-07-18 03:37:41,910 serializers 8316 2396 Validation PostCreateSerializer - Contenu: 'Test post avec contenu et média', Médias: [36]
INFO 2025-07-18 03:37:41,913 serializers 8316 2396 Validation PostCreateSerializer - Contenu: 'Test post créé via sérialiseur', Médias: [36]
INFO 2025-07-18 03:37:41,913 serializers 8316 2396 Création post - Médias IDs: [36]
INFO 2025-07-18 03:37:42,062 serializers 8316 2396 Médias trouvés: 1
INFO 2025-07-18 03:37:42,062 serializers 8316 2396 Médias IDs recherchés: [36]
INFO 2025-07-18 03:37:42,062 serializers 8316 2396 Médias trouvés: [36]
INFO 2025-07-18 03:37:42,197 serializers 8316 2396 Médias associés au post 17: 1
INFO 2025-07-18 03:40:10,560 serializers 13508 7996 Validation PostCreateSerializer - Contenu: 'Hello World', Médias: []
INFO 2025-07-18 03:40:10,580 views 13508 7996 Tentative de création de post par l'utilisateur aob
INFO 2025-07-18 03:40:10,582 serializers 13508 7996 Création post - Médias IDs: []
INFO 2025-07-18 03:40:10,907 serializers 13508 7996 Aucun média à associer
INFO 2025-07-18 03:40:10,907 views 13508 7996 Post créé avec succès: 18
INFO 2025-07-18 03:42:00,941 serializers 2284 11328 Validation PostCreateSerializer - Contenu: 'Test post avec contenu seulement', Médias: []
INFO 2025-07-18 03:42:00,941 serializers 2284 11328 Validation PostCreateSerializer - Contenu: 'Test post avec contenu et média', Médias: [37]
INFO 2025-07-18 03:42:00,941 serializers 2284 11328 Validation PostCreateSerializer - Contenu: 'Test post créé via sérialiseur', Médias: [37]
INFO 2025-07-18 03:42:00,964 serializers 2284 11328 Création post - Médias IDs: [37]
INFO 2025-07-18 03:42:01,129 serializers 2284 11328 Médias trouvés: 1
INFO 2025-07-18 03:42:01,129 serializers 2284 11328 Médias IDs recherchés: [37]
INFO 2025-07-18 03:42:01,129 serializers 2284 11328 Médias trouvés: [37]
INFO 2025-07-18 03:42:01,278 serializers 2284 11328 Médias associés au post 19: 1
INFO 2025-07-18 03:42:06,132 serializers 13508 12668 Validation PostCreateSerializer - Contenu: 'Test post via API', Médias: [37]
INFO 2025-07-18 03:42:06,132 views 13508 12668 Tentative de création de post par l'utilisateur testuser
INFO 2025-07-18 03:42:06,132 serializers 13508 12668 Création post - Médias IDs: [37]
INFO 2025-07-18 03:42:06,501 serializers 13508 12668 Médias trouvés: 1
INFO 2025-07-18 03:42:06,501 serializers 13508 12668 Médias IDs recherchés: [37]
INFO 2025-07-18 03:42:06,501 serializers 13508 12668 Médias trouvés: [37]
INFO 2025-07-18 03:42:06,800 serializers 13508 12668 Médias associés au post 20: 1
INFO 2025-07-18 03:42:06,815 views 13508 12668 Post créé avec succès: 20
INFO 2025-07-18 03:42:12,444 views 13508 13124 Contenu analysé pour le média 38
INFO 2025-07-18 03:42:34,704 serializers 12516 9496 Validation PostCreateSerializer - Contenu: 'Test post avec contenu seulement', Médias: []
INFO 2025-07-18 03:42:34,713 serializers 12516 9496 Validation PostCreateSerializer - Contenu: 'Test post avec contenu et média', Médias: [39]
INFO 2025-07-18 03:42:34,715 serializers 12516 9496 Validation PostCreateSerializer - Contenu: 'Test post créé via sérialiseur', Médias: [39]
INFO 2025-07-18 03:42:34,716 serializers 12516 9496 Création post - Médias IDs: [39]
INFO 2025-07-18 03:42:34,868 serializers 12516 9496 Médias trouvés: 1
INFO 2025-07-18 03:42:34,868 serializers 12516 9496 Médias IDs recherchés: [39]
INFO 2025-07-18 03:42:34,884 serializers 12516 9496 Médias trouvés: [39]
INFO 2025-07-18 03:42:35,033 serializers 12516 9496 Médias associés au post 21: 1
INFO 2025-07-18 03:42:39,772 serializers 13508 8580 Validation PostCreateSerializer - Contenu: 'Test post via API', Médias: [39]
INFO 2025-07-18 03:42:39,772 views 13508 8580 Tentative de création de post par l'utilisateur testuser
INFO 2025-07-18 03:42:39,772 serializers 13508 8580 Création post - Médias IDs: [39]
INFO 2025-07-18 03:42:39,956 serializers 13508 8580 Médias trouvés: 1
INFO 2025-07-18 03:42:39,956 serializers 13508 8580 Médias IDs recherchés: [39]
INFO 2025-07-18 03:42:39,956 serializers 13508 8580 Médias trouvés: [39]
INFO 2025-07-18 03:42:40,112 serializers 13508 8580 Médias associés au post 22: 1
INFO 2025-07-18 03:42:40,112 views 13508 8580 Post créé avec succès: 22
INFO 2025-07-18 03:42:45,123 views 13508 15444 Contenu analysé pour le média 40
INFO 2025-07-18 03:43:15,084 serializers 9668 5372 Validation PostCreateSerializer - Contenu: 'Test post avec contenu seulement', Médias: []
INFO 2025-07-18 03:43:15,095 serializers 9668 5372 Validation PostCreateSerializer - Contenu: 'Test post avec contenu et média', Médias: [41]
INFO 2025-07-18 03:43:15,095 serializers 9668 5372 Validation PostCreateSerializer - Contenu: 'Test post créé via sérialiseur', Médias: [41]
INFO 2025-07-18 03:43:15,111 serializers 9668 5372 Création post - Médias IDs: [41]
INFO 2025-07-18 03:43:15,745 serializers 9668 5372 Médias trouvés: 1
INFO 2025-07-18 03:43:15,746 serializers 9668 5372 Médias IDs recherchés: [41]
INFO 2025-07-18 03:43:15,749 serializers 9668 5372 Médias trouvés: [41]
INFO 2025-07-18 03:43:16,029 serializers 9668 5372 Médias associés au post 23: 1
INFO 2025-07-18 03:43:21,117 serializers 14516 4000 Validation PostCreateSerializer - Contenu: 'Test post via API', Médias: [41]
INFO 2025-07-18 03:43:21,117 views 14516 4000 Tentative de création de post par l'utilisateur testuser
INFO 2025-07-18 03:43:21,117 serializers 14516 4000 Création post - Médias IDs: [41]
INFO 2025-07-18 03:43:21,546 serializers 14516 4000 Médias trouvés: 1
INFO 2025-07-18 03:43:21,546 serializers 14516 4000 Médias IDs recherchés: [41]
INFO 2025-07-18 03:43:21,546 serializers 14516 4000 Médias trouvés: [41]
INFO 2025-07-18 03:43:21,813 serializers 14516 4000 Médias associés au post 24: 1
INFO 2025-07-18 03:43:21,813 views 14516 4000 Post créé avec succès: 24
INFO 2025-07-18 03:43:27,025 views 14516 5404 Contenu analysé pour le média 42
INFO 2025-07-18 03:43:29,076 serializers 14516 12736 Validation PostCreateSerializer - Contenu: 'Test post avec média uploadé', Médias: [42]
INFO 2025-07-18 03:43:29,076 views 14516 12736 Tentative de création de post par l'utilisateur testuser
INFO 2025-07-18 03:43:29,076 serializers 14516 12736 Création post - Médias IDs: [42]
INFO 2025-07-18 03:43:29,227 serializers 14516 12736 Médias trouvés: 1
INFO 2025-07-18 03:43:29,227 serializers 14516 12736 Médias IDs recherchés: [42]
INFO 2025-07-18 03:43:29,236 serializers 14516 12736 Médias trouvés: [42]
INFO 2025-07-18 03:43:29,374 serializers 14516 12736 Médias associés au post 25: 1
INFO 2025-07-18 03:43:29,374 views 14516 12736 Post créé avec succès: 25
INFO 2025-07-18 03:44:31,912 views 14516 1760 Contenu analysé pour le média 43
INFO 2025-07-18 03:44:52,870 views 14516 1760 Contenu analysé pour le média 44
INFO 2025-07-18 03:44:52,913 serializers 14516 1760 Validation PostCreateSerializer - Contenu: 'Ma jolie Talibé', Médias: [44]
INFO 2025-07-18 03:44:52,918 views 14516 1760 Tentative de création de post par l'utilisateur aob
INFO 2025-07-18 03:44:52,918 serializers 14516 1760 Création post - Médias IDs: [44]
INFO 2025-07-18 03:44:53,120 serializers 14516 1760 Médias trouvés: 1
INFO 2025-07-18 03:44:53,120 serializers 14516 1760 Médias IDs recherchés: [44]
INFO 2025-07-18 03:44:53,136 serializers 14516 1760 Médias trouvés: [44]
INFO 2025-07-18 03:44:53,306 serializers 14516 1760 Médias associés au post 26: 1
INFO 2025-07-18 03:44:53,306 views 14516 1760 Post créé avec succès: 26
INFO 2025-07-18 03:51:11,597 views 14516 14704 Contenu analysé pour le média 45
INFO 2025-07-18 03:51:11,618 serializers 14516 14704 Validation PostCreateSerializer - Contenu: 'Ouverture officielle de AOB ACADEMY ONLINE GN', Médias: [45]
INFO 2025-07-18 03:51:11,639 views 14516 14704 Tentative de création de post par l'utilisateur aob
INFO 2025-07-18 03:51:11,640 serializers 14516 14704 Création post - Médias IDs: [45]
INFO 2025-07-18 03:51:11,834 serializers 14516 14704 Médias trouvés: 1
INFO 2025-07-18 03:51:11,834 serializers 14516 14704 Médias IDs recherchés: [45]
INFO 2025-07-18 03:51:11,834 serializers 14516 14704 Médias trouvés: [45]
INFO 2025-07-18 03:51:12,149 serializers 14516 14704 Médias associés au post 27: 1
INFO 2025-07-18 03:51:12,149 views 14516 14704 Post créé avec succès: 27
INFO 2025-07-18 03:58:16,596 views 14516 4644 Contenu analysé pour le média 46
INFO 2025-07-18 03:58:16,617 serializers 14516 4644 Validation PostCreateSerializer - Contenu: 'Je suis content aujourd'hui ! Alhamdou Lillah', Médias: [46]
INFO 2025-07-18 03:58:16,622 views 14516 4644 Tentative de création de post par l'utilisateur aob
INFO 2025-07-18 03:58:16,629 serializers 14516 4644 Création post - Médias IDs: [46]
INFO 2025-07-18 03:58:16,848 serializers 14516 4644 Médias trouvés: 1
INFO 2025-07-18 03:58:16,848 serializers 14516 4644 Médias IDs recherchés: [46]
INFO 2025-07-18 03:58:16,848 serializers 14516 4644 Médias trouvés: [46]
INFO 2025-07-18 03:58:17,178 serializers 14516 4644 Médias associés au post 28: 1
INFO 2025-07-18 03:58:17,178 views 14516 4644 Post créé avec succès: 28
INFO 2025-07-18 04:29:50,026 services 14516 12804 Démarrage du stream: live_a10cc8b69c55
INFO 2025-07-18 04:30:19,628 services 14516 12804 Arrêt du stream: live_a10cc8b69c55
INFO 2025-07-18 04:48:28,716 services 9632 440 Démarrage du stream: live_36a5823bd19b
INFO 2025-07-18 04:49:04,607 services 9632 440 Arrêt du stream: live_36a5823bd19b
INFO 2025-07-18 05:13:36,918 serializers 18076 5540 Validation PostCreateSerializer - Contenu: 'J'aurai un Direct demain inchallah donc rester connecter !!!!', Médias: []
INFO 2025-07-18 05:13:36,918 views 18076 5540 Tentative de création de post par l'utilisateur aob
INFO 2025-07-18 05:13:36,918 serializers 18076 5540 Création post - Médias IDs: []
INFO 2025-07-18 05:13:37,341 serializers 18076 5540 Aucun média à associer
INFO 2025-07-18 05:13:37,342 views 18076 5540 Post créé avec succès: 32
ERROR 2025-07-18 05:20:27,842 views 18076 16812 Erreur lors du démarrage du live: 'NoneType' object has no attribute 'first_name'
ERROR 2025-07-18 05:24:01,607 views 18076 17692 Erreur lors du démarrage du live: 'NoneType' object has no attribute 'first_name'
ERROR 2025-07-18 05:42:32,402 views 15716 10716 Erreur lors du démarrage du live: 'NoneType' object has no attribute 'first_name'
ERROR 2025-07-18 05:42:39,310 views 15716 10716 Erreur lors du démarrage du live: 'NoneType' object has no attribute 'first_name'
ERROR 2025-07-18 15:07:09,529 services 18904 7852 Erreur compression image: '_io.BytesIO' object has no attribute 'name'
ERROR 2025-07-18 15:07:09,544 services 18904 7852 Erreur génération URL CDN: Must supply cloud_name in tag or in configuration
INFO 2025-07-19 09:32:36,016 views 5000 8652 Contenu analysé pour le média 53
INFO 2025-07-19 09:32:36,056 serializers 5000 8652 Validation PostCreateSerializer - Contenu: 'Très heureux d'être connecté à ma Communauté grâce à CommuniConnect #Happy', Médias: [53]
INFO 2025-07-19 09:32:36,065 views 5000 8652 Tentative de création de post par l'utilisateur aob_oumar_rich
INFO 2025-07-19 09:32:36,066 serializers 5000 8652 Création post - Médias IDs: [53]
INFO 2025-07-19 09:32:36,229 serializers 5000 8652 Médias trouvés: 1
INFO 2025-07-19 09:32:36,229 serializers 5000 8652 Médias IDs recherchés: [53]
INFO 2025-07-19 09:32:36,235 serializers 5000 8652 Médias trouvés: [53]
INFO 2025-07-19 09:32:36,465 serializers 5000 8652 Médias associés au post 33: 1
INFO 2025-07-19 09:32:36,465 views 5000 8652 Post créé avec succès: 33
INFO 2025-07-19 11:43:54,484 serializers 18800 17764 Validation PostCreateSerializer - Contenu: 'Teste', Médias: []
INFO 2025-07-19 11:43:54,568 views 18800 17764 Tentative de création de post par l'utilisateur aob
INFO 2025-07-19 11:43:54,568 serializers 18800 17764 Création post - Médias IDs: []
INFO 2025-07-19 11:43:54,850 serializers 18800 17764 Aucun média à associer
INFO 2025-07-19 11:43:54,850 views 18800 17764 Post créé avec succès: 34
INFO 2025-07-22 07:03:24,060 serializers 10084 25444 Validation PostCreateSerializer - Contenu: 'Post de test créé via API avec authentification', Médias: []
INFO 2025-07-22 07:03:24,196 views 10084 25444 Tentative de création de post par l'utilisateur test_user_posts
INFO 2025-07-22 07:03:24,238 serializers 10084 25444 Création post - Médias IDs: []
INFO 2025-07-22 07:03:24,528 serializers 10084 25444 Aucun média à associer
INFO 2025-07-22 07:03:24,529 views 10084 25444 Post créé avec succès: 38
INFO 2025-07-22 07:04:20,317 serializers 19376 16084 Validation PostCreateSerializer - Contenu: 'Post de test créé via API avec authentification', Médias: []
INFO 2025-07-22 07:04:20,317 views 19376 16084 Tentative de création de post par l'utilisateur test_user_posts
INFO 2025-07-22 07:04:20,317 serializers 19376 16084 Création post - Médias IDs: []
INFO 2025-07-22 07:04:20,626 serializers 19376 16084 Aucun média à associer
INFO 2025-07-22 07:04:20,642 views 19376 16084 Post créé avec succès: 39
INFO 2025-07-22 07:45:50,291 serializers 26868 26156 Validation PostCreateSerializer - Contenu: 'Post de test créé via API avec authentification', Médias: []
INFO 2025-07-22 07:45:50,291 views 26868 26156 Tentative de création de post par l'utilisateur test_user_posts
INFO 2025-07-22 07:45:50,291 serializers 26868 26156 Création post - Médias IDs: []
INFO 2025-07-22 07:45:50,400 serializers 26868 26156 Aucun média à associer
INFO 2025-07-22 07:45:50,400 views 26868 26156 Post créé avec succès: 49
